<?xml version="1.0" encoding="UTF-8"?>
<testng-results skipped="0" failed="0" total="1" passed="1">
  <reporter-output>
  </reporter-output>
  <suite name="TestSuite" duration-ms="83285" started-at="2020-05-29T05:54:07Z" finished-at="2020-05-29T05:55:31Z">
    <groups>
    </groups>
    <test name="ChromeTest" duration-ms="83285" started-at="2020-05-29T05:54:07Z" finished-at="2020-05-29T05:55:31Z">
      <class name="com.javascript.JavascriptExecutorDemo">
        <test-method status="PASS" signature="setUpReports()[pri:0, instance:com.javascript.JavascriptExecutorDemo@10ee7cb]" name="setUpReports" is-config="true" duration-ms="1680" started-at="2020-05-29T11:24:07Z" finished-at="2020-05-29T11:24:09Z">
          <reporter-output>
          </reporter-output>
        </test-method> <!-- setUpReports -->
        <test-method status="PASS" signature="openBrowser()[pri:0, instance:com.javascript.JavascriptExecutorDemo@10ee7cb]" name="openBrowser" is-config="true" duration-ms="52137" started-at="2020-05-29T11:24:09Z" finished-at="2020-05-29T11:25:01Z">
          <reporter-output>
          </reporter-output>
        </test-method> <!-- openBrowser -->
        <test-method status="PASS" signature="senKeysByJS()[pri:9, instance:com.javascript.JavascriptExecutorDemo@10ee7cb]" name="senKeysByJS" duration-ms="19032" started-at="2020-05-29T11:25:01Z" finished-at="2020-05-29T11:25:20Z">
          <reporter-output>
          </reporter-output>
        </test-method> <!-- senKeysByJS -->
        <test-method status="PASS" signature="tearDown(org.testng.ITestResult)[pri:0, instance:com.javascript.JavascriptExecutorDemo@10ee7cb]" name="tearDown" is-config="true" duration-ms="9431" started-at="2020-05-29T11:25:20Z" finished-at="2020-05-29T11:25:30Z">
          <params>
            <param index="0">
              <value>
                <![CDATA[[TestResult name=senKeysByJS status=SUCCESS method=JavascriptExecutorDemo.senKeysByJS()[pri:9, instance:com.javascript.JavascriptExecutorDemo@10ee7cb] output={null}]]]>
              </value>
            </param>
          </params>
          <reporter-output>
          </reporter-output>
        </test-method> <!-- tearDown -->
        <test-method status="PASS" signature="endReport()[pri:0, instance:com.javascript.JavascriptExecutorDemo@10ee7cb]" name="endReport" is-config="true" duration-ms="958" started-at="2020-05-29T11:25:30Z" finished-at="2020-05-29T11:25:31Z">
          <reporter-output>
          </reporter-output>
        </test-method> <!-- endReport -->
      </class> <!-- com.javascript.JavascriptExecutorDemo -->
    </test> <!-- ChromeTest -->
  </suite> <!-- TestSuite -->
</testng-results>
